<?xml version="1.0" encoding="UTF-8"?>
<!-- Generated by org.testng.reporters.JUnitXMLReporter -->
<testsuite ignored="2" hostname="DESKTOP-927DMJS" failures="0" tests="1" name="Default test" time="0.06" errors="0" timestamp="2021-11-12T14:14:46 EST">
  <testcase classname="qaclickacademy.RESTAPITest" name="deleteTwitter" time="0.011"/>
  <testcase classname="qaclickacademy.RESTAPITest" name="deleteTwitter1" time="0.0">
    <ignored/>
  </testcase> <!-- deleteTwitter1 -->
  <testcase classname="qaclickacademy.RESTAPITest" name="posJira" time="0.0">
    <ignored/>
  </testcase> <!-- posJira -->
</testsuite> <!-- Default test -->
