<?xml version="1.0" encoding="UTF-8"?>
<!-- Generated by org.testng.reporters.JUnitXMLReporter -->
<testsuite ignored="0" hostname="DESKTOP-927DMJS" failures="0" tests="4" name="Test" time="0.115" errors="0" timestamp="2021-11-05T12:20:37 EDT">
  <testcase classname="qaclickacademy.SeleniumTest" name="BrowserAutomation" time="0.011"/>
  <testcase classname="qaclickacademy.SeleniumTest" name="elementsUI" time="0.0"/>
  <testcase classname="qaclickacademy.RESTAPITest" name="deleteTwitter" time="0.0"/>
  <testcase classname="qaclickacademy.RESTAPITest" name="posJira" time="0.001"/>
</testsuite> <!-- Test -->
