<?xml version="1.0" encoding="UTF-8"?>
<testng-results ignored="0" total="4" passed="4" failed="0" skipped="0">
  <reporter-output>
  </reporter-output>
  <suite started-at="2021-11-05T12:20:37 EDT" name="Suite" finished-at="2021-11-05T12:20:37 EDT" duration-ms="115">
    <groups>
    </groups>
    <test started-at="2021-11-05T12:20:37 EDT" name="Test" finished-at="2021-11-05T12:20:37 EDT" duration-ms="115">
      <class name="qaclickacademy.RESTAPITest">
        <test-method signature="deleteTwitter()[pri:0, instance:qaclickacademy.RESTAPITest@1534f01b]" started-at="2021-11-05T12:20:37 EDT" name="deleteTwitter" finished-at="2021-11-05T12:20:37 EDT" duration-ms="0" status="PASS">
          <reporter-output>
          </reporter-output>
        </test-method> <!-- deleteTwitter -->
        <test-method signature="posJira()[pri:0, instance:qaclickacademy.RESTAPITest@1534f01b]" started-at="2021-11-05T12:20:37 EDT" name="posJira" finished-at="2021-11-05T12:20:37 EDT" duration-ms="1" status="PASS">
          <reporter-output>
          </reporter-output>
        </test-method> <!-- posJira -->
      </class> <!-- qaclickacademy.RESTAPITest -->
      <class name="qaclickacademy.SeleniumTest">
        <test-method signature="BrowserAutomation()[pri:0, instance:qaclickacademy.SeleniumTest@49c386c8]" started-at="2021-11-05T12:20:37 EDT" name="BrowserAutomation" finished-at="2021-11-05T12:20:37 EDT" duration-ms="11" status="PASS">
          <reporter-output>
          </reporter-output>
        </test-method> <!-- BrowserAutomation -->
        <test-method signature="elementsUI()[pri:0, instance:qaclickacademy.SeleniumTest@49c386c8]" started-at="2021-11-05T12:20:37 EDT" name="elementsUI" finished-at="2021-11-05T12:20:37 EDT" duration-ms="0" status="PASS">
          <reporter-output>
          </reporter-output>
        </test-method> <!-- elementsUI -->
      </class> <!-- qaclickacademy.SeleniumTest -->
    </test> <!-- Test -->
  </suite> <!-- Suite -->
</testng-results>
