<?xml version="1.0" encoding="UTF-8"?>
<testng-results ignored="2" total="3" passed="1" failed="0" skipped="0">
  <reporter-output>
  </reporter-output>
  <suite started-at="2021-11-12T14:14:46 EST" name="Default suite" finished-at="2021-11-12T14:14:46 EST" duration-ms="60">
    <groups>
    </groups>
    <test started-at="2021-11-12T14:14:46 EST" name="Default test" finished-at="2021-11-12T14:14:46 EST" duration-ms="60">
      <class name="qaclickacademy.RESTAPITest">
        <test-method signature="deleteTwitter()[pri:0, instance:qaclickacademy.RESTAPITest@192d43ce]" started-at="2021-11-12T14:14:46 EST" name="deleteTwitter" finished-at="2021-11-12T14:14:46 EST" duration-ms="11" status="PASS">
          <reporter-output>
          </reporter-output>
        </test-method> <!-- deleteTwitter -->
      </class> <!-- qaclickacademy.RESTAPITest -->
    </test> <!-- Default test -->
  </suite> <!-- Default suite -->
</testng-results>
